app/build/intermediates/manifest_merge_blame_file/release/manifest-merger-blame-release-report.txt
1<?xml version="1.0" encoding="utf-8"?>
2<manifest xmlns:android="http://schemas.android.com/apk/res/android"
3    package="com.example.login_page"
4    android:versionCode="1"
5    android:versionName="1.0" >
6
7    <uses-sdk
8        android:minSdkVersion="15"
8-->src\main\AndroidManifest.xml
9        android:targetSdkVersion="30" />
9-->src\main\AndroidManifest.xml
10
11    <application
11-->src\main\AndroidManifest.xml:5:5-24:19
12        android:allowBackup="true"
12-->src\main\AndroidManifest.xml:6:9-35
13        android:appComponentFactory="androidx.core.app.CoreComponentFactory"
13-->[androidx.core:core:1.1.0] AndroidManifest.xml:24:18-86
14        android:icon="@drawable/login3"
14-->src\main\AndroidManifest.xml:7:9-40
15        android:label="@string/app_name"
15-->src\main\AndroidManifest.xml:8:9-41
16        android:roundIcon="@mipmap/ic_launcher_round"
16-->src\main\AndroidManifest.xml:9:9-54
17        android:supportsRtl="true"
17-->src\main\AndroidManifest.xml:10:9-35
18        android:theme="@style/AppTheme" >
18-->src\main\AndroidManifest.xml:11:9-40
19        <activity android:name="com.example.login_page.Dash_board" />
19-->src\main\AndroidManifest.xml:12:9-48
19-->src\main\AndroidManifest.xml:12:19-45
20        <activity android:name="com.example.login_page.sign_up" />
20-->src\main\AndroidManifest.xml:13:9-45
20-->src\main\AndroidManifest.xml:13:19-42
21        <activity android:name="com.example.login_page.Sign_in" />
21-->src\main\AndroidManifest.xml:14:9-54
21-->src\main\AndroidManifest.xml:14:19-42
22        <activity android:name="com.example.login_page.MainActivity" >
22-->src\main\AndroidManifest.xml:15:9-23:20
22-->src\main\AndroidManifest.xml:15:19-47
23            <intent-filter>
23-->src\main\AndroidManifest.xml:18:13-22:29
24                <action android:name="android.intent.action.MAIN" />
24-->src\main\AndroidManifest.xml:19:17-69
24-->src\main\AndroidManifest.xml:19:25-66
25
26                <category android:name="android.intent.category.LAUNCHER" />
26-->src\main\AndroidManifest.xml:21:17-77
26-->src\main\AndroidManifest.xml:21:27-74
27            </intent-filter>
28        </activity>
29    </application>
30
31</manifest>